2014-11-18 22:33:52 工信部投诉-201408-改.xls '部-140123737','','王健','13081008330','廊坊','河北省石家庄裕华区裕翔街南段南栗','中国联通','河北','资费争议','多收和乱收费用','','无线','GSM签约用户','语音','其他','电子邮件','周艳','2014.08.03 19:40:15','','2014.08.0410:29:14','申诉问题涉及号码：13171835226;去年申办的座机不给办理，也不退钱，扣除手机13171835226的钱转到座机03165934659上，这168块钱还是不给我们退，非说是我们自己开业务了，我妈都不会读短信，不会自己办理业务的 @被申诉企业地址:河北省廊坊市大城县北位乡牛庄村 @被申诉企业邮政编码: @被申诉企业联系电话:03165934659 @企业处理结果:不予理会 @邮件标题:@chinatcc','是','','','','我公司于8月4日收到预处理工单，客户前期向我公司反映过该问题，重复投诉，同7月21日编号：部-140114421，同7月22日编号：部-140114451
。处理结果经沟通得知，申诉人均非机主本人，本人对此申诉情况不知情，也非表达的机主本意，只是在与亲戚聊天时提到过近期手机话费问题，自己已在8月3日拨打10010核实，在8月4日已接到10010的回复处理完毕，对此申诉深表歉意。经核实，客户在2013年9月27日11:05:45拨打电话注册1161665会员，资费标准：15元/月，8月4日10点左右联系客户说明定制及收费情况，已按客户要求协助客户取消屏蔽，下月无费,客户对定制表示认可，但要求返还所收费用，为达客户满意，为客户申请返还2013年10月-2014年8月份费165元，已于8月4日18：09返还至客户03165934659固话帐户中。8月5日11：53与客户沟通，称反映的问题已处理完毕，客户满意，同意我公司处理方案。目前该案件状态：已调查处理完毕。','增值业务','服务规范性','资费不明晰','','2G业务','电话Q吧','客服热线','','','否','否','否','产品创新部','本地','1','','','','','','','201408'
2014-11-18 22:33:52 工信部投诉-201408-改.xls '部-140123720','部-转办-1413495','邢文会','13021878199','保定','','中国联通','河北','资费争议','协作商违规','','无线','GSM签约用户','信息','短信','','周艳','2014.08.0319:59:56','2014.08.0409:27:40','2014.08.0410:20:01','申诉问题涉及号码：13021878199;手机经常莫名收到短信说订了什么业务或者回答了什么问题 然后就自动扣几元的费用 有时一次来好几条 跟运营商反应过很多次 但是治标不治本 这两天又收到两条 然后又被扣钱 都是在我完全不知情的情况下完成的 现在打运营商电话也是繁忙状态 实在是投诉无门 请帮忙解决 谢谢 @被申诉企业地址: @被申诉企业邮政编码: @被申诉企业联系电话: @企业处理结果:扣了钱 就给运营商打电话 查实了 就退钱 不问的话 这个钱就莫名其妙的被扣了 但是很多人不知道这个已经被扣钱了 运营商和那些发短信的就是钻的这个空子 太黑心了 @邮件标题:@chinatcc','否','','','','关于河北省保定市客户邢文会
申诉处理情况的回复
集团公司客户服务部：
2014年8月4日接到部中心转来保定市客户邢文会来函【部-转办-1413495】，反映“手机产生联通在信费”的问题，我公司十分重视，立即责成市分公司进行调查处理。经查，客户自行订制增值业务，为提高客户满意度，同意为客户退费并取消屏蔽该业务，客户认可。现将调查处理情况回复如下：
一、客户基本情况
手机号码：13021878199；客户姓名：邢文会；入网时间：2014年2月；申诉人为机主本人。
二、前期投诉处理情况
经查，客户前期未向我公司反映过此问题。
三、客户申诉处理情况
2014年8月4日接到转来的客户申诉后，我公司非常重视，立即进行核查处理。经查，客户手机13021878199于2014年8月3日通过短信方式订制北京量子网络通讯有限公司的“大师答疑”业务（附件1、订制记录），业务代码为：10663000130，经营许可证号：B2-20090105，资费为每条2元，此业务为点播类业务，不点播不收取费用，客户共点播1条，收费2元，计费无误。核实上述情况后，8月4日与客户取得联系，为提高客户满意度，同意为客户退费并取消屏蔽该业务，客户认可。
注：1、客户申诉问题涉及的增值业务属于全网合作业务。
2、信息服务商名称：北京量子网络通讯有限公司、经营许可证号：B2-20090105、业务名称：大师答疑。
3、涉及的信息服务业务不存在违规，相关处理依据参见附件。

附件：1、订制记录
 

河北联通客户服务部
                           二〇一四年八月十一日

','增值业务','服务规范性','业务信息不规范','','3G业务','联通在信','','','全网合作业务','否','否','否','产品创新部','联通在信','1','北京量子网络通讯有限公司','10011','10663000','大师答疑','','','201408'
2014-11-18 22:33:52 工信部投诉-201408-改.xls '部-140126663','部-转办-1413879','李永昌','13032065967','保定','河北省保定市高阳县庞口镇西庞口村','中国联通','河北','资费争议','协作商违规','','无线','GSM签约用户','信息','短信','电子邮件','杜宏伟','2014.08.07 18:52:18','','2014.08.0808:54:01','申诉问题涉及号码：13032065967;未经过客户同意，胡乱给客户添加扣费业务。本人，本月查询话费，多出一个sp代收费用，无缘无故地扣掉本人6.72元的人民币费用。本人，需要中国联通企业给予赔偿。恳求:工信部工作人员给予帮助。在此谢谢！ @被申诉企业地址: @被申诉企业邮政编码: @被申诉企业联系电话: @企业处理结果:中国联通企业承诺24小时后给予解决和回复。到现在，都没有给予任何回复。 @邮件标题:@chinatcc','是','','','','关于河北省保定市客户李永昌
申诉处理情况的回复
集团公司客户服务部：
2014年8月8日接到部中心转来保定市客户李永昌来函【部-转办-1413879】，反映“手机信息费”问题的申诉，我公司十分重视，立即责成市分公司进行调查处理。经查，客户于2014年7月30日自行定制信息业务，8月份产生业务使用费6.72元，为妥善处理问题，同意为客户取消业务并退费，客户认可。现将调查处理情况回复如下：
一、 客户基本情况
客户号码：13032065967，客户姓名：李文昌；关联固话号码：03126855795，客户姓名：李宗达，入网时间：2000年7月。
二、前期投诉处理情况
2014年8月6日客户首次向10010反映“手机13032065967产生增值业务费”的问题（附件1：10010投诉记录）。经查，客户手机13032065967与固定电话03126855795及宽带办理了套餐，合帐付费。其账单中的显示增值业务费实为固定电话03126855795产生（附件2：关联号码），并非客户所诉手机13032065967产生。客户固定电话所产生的“鹰眼财经”业务，为客户2014年7月30日通过拨打16806666定制（附件3：取消记录），8月份收听下行财经信息产生信息费6.72元，资费标准：0.96元/分钟。
接到客户反映问题后，工作人员立即联系核查，在处理过程中客户进行了申诉。
三、客户申诉处理情况
2014年8月8日接到转来的客户申诉后，我公司非常重视，立即责成市分公司核查处理。在核实上述情况后，8月8日当天工作人员联系客户解释，为妥善处理投诉，同意为客户取消该业务，并退费6.72元，客户认可。
注：1、客户申诉问题涉及的增值业务属于合作业务。2、 信息服务商名称：张家口加恩科技有限公司、经营许可证号码：冀B2-20125031、业务名称：鹰眼财经。3、涉及的信息服务业务不存在违规，相关处理依据参见附件。
   
附件：
1、10010投诉记录
2、关联号码
3、取消记录
4、张家口加恩科技有限公司经营许可证
河北联通客户服务部
                         二〇一四年八月十五日
','增值业务','产品设计缺陷','功能设计不完善','','3G业务','联通在信','','','本地合作业务','否','否','否','产品创新部','本地','1','','','','','','','201408'
2014-11-18 22:34:10 工信部投诉-201408-xx.xls '部-140123737','','王健','13081008330','廊坊','河北省石家庄裕华区裕翔街南段南栗','中国联通','河北','资费争议','多收和乱收费用','','无线','GSM签约用户','语音','其他','电子邮件','周艳','2014.08.03 19:40:15','','2014.08.0410:29:14','申诉问题涉及号码：13171835226;去年申办的座机不给办理，也不退钱，扣除手机13171835226的钱转到座机03165934659上，这168块钱还是不给我们退，非说是我们自己开业务了，我妈都不会读短信，不会自己办理业务的 @被申诉企业地址:河北省廊坊市大城县北位乡牛庄村 @被申诉企业邮政编码: @被申诉企业联系电话:03165934659 @企业处理结果:不予理会 @邮件标题:@chinatcc','是','','','','我公司于8月4日收到预处理工单，客户前期向我公司反映过该问题，重复投诉，同7月21日编号：部-140114421，同7月22日编号：部-140114451
。处理结果经沟通得知，申诉人均非机主本人，本人对此申诉情况不知情，也非表达的机主本意，只是在与亲戚聊天时提到过近期手机话费问题，自己已在8月3日拨打10010核实，在8月4日已接到10010的回复处理完毕，对此申诉深表歉意。经核实，客户在2013年9月27日11:05:45拨打电话注册1161665会员，资费标准：15元/月，8月4日10点左右联系客户说明定制及收费情况，已按客户要求协助客户取消屏蔽，下月无费,客户对定制表示认可，但要求返还所收费用，为达客户满意，为客户申请返还2013年10月-2014年8月份费165元，已于8月4日18：09返还至客户03165934659固话帐户中。8月5日11：53与客户沟通，称反映的问题已处理完毕，客户满意，同意我公司处理方案。目前该案件状态：已调查处理完毕。','增值业务','服务规范性','资费不明晰','','2G业务','电话Q吧','客服热线','','','否','否','否','产品创新部','本地','1','','','','','','','201408'
2014-11-18 22:34:10 工信部投诉-201408-xx.xls '部-140123720','部-转办-1413495','邢文会','13021878199','保定','','中国联通','河北','资费争议','协作商违规','','无线','GSM签约用户','信息','短信','','周艳','2014.08.0319:59:56','2014.08.0409:27:40','2014.08.0410:20:01','申诉问题涉及号码：13021878199;手机经常莫名收到短信说订了什么业务或者回答了什么问题 然后就自动扣几元的费用 有时一次来好几条 跟运营商反应过很多次 但是治标不治本 这两天又收到两条 然后又被扣钱 都是在我完全不知情的情况下完成的 现在打运营商电话也是繁忙状态 实在是投诉无门 请帮忙解决 谢谢 @被申诉企业地址: @被申诉企业邮政编码: @被申诉企业联系电话: @企业处理结果:扣了钱 就给运营商打电话 查实了 就退钱 不问的话 这个钱就莫名其妙的被扣了 但是很多人不知道这个已经被扣钱了 运营商和那些发短信的就是钻的这个空子 太黑心了 @邮件标题:@chinatcc','否','','','','关于河北省保定市客户邢文会
申诉处理情况的回复
集团公司客户服务部：
2014年8月4日接到部中心转来保定市客户邢文会来函【部-转办-1413495】，反映“手机产生联通在信费”的问题，我公司十分重视，立即责成市分公司进行调查处理。经查，客户自行订制增值业务，为提高客户满意度，同意为客户退费并取消屏蔽该业务，客户认可。现将调查处理情况回复如下：
一、客户基本情况
手机号码：13021878199；客户姓名：邢文会；入网时间：2014年2月；申诉人为机主本人。
二、前期投诉处理情况
经查，客户前期未向我公司反映过此问题。
三、客户申诉处理情况
2014年8月4日接到转来的客户申诉后，我公司非常重视，立即进行核查处理。经查，客户手机13021878199于2014年8月3日通过短信方式订制北京量子网络通讯有限公司的“大师答疑”业务（附件1、订制记录），业务代码为：10663000130，经营许可证号：B2-20090105，资费为每条2元，此业务为点播类业务，不点播不收取费用，客户共点播1条，收费2元，计费无误。核实上述情况后，8月4日与客户取得联系，为提高客户满意度，同意为客户退费并取消屏蔽该业务，客户认可。
注：1、客户申诉问题涉及的增值业务属于全网合作业务。
2、信息服务商名称：北京量子网络通讯有限公司、经营许可证号：B2-20090105、业务名称：大师答疑。
3、涉及的信息服务业务不存在违规，相关处理依据参见附件。

附件：1、订制记录
 

河北联通客户服务部
                           二〇一四年八月十一日

','增值业务','服务规范性','业务信息不规范','','3G业务','联通在信','','','全网合作业务','否','否','否','产品创新部','联通在信','1','','','','','','','201408'
2014-11-18 22:34:10 工信部投诉-201408-xx.xls '部-140126663','部-转办-1413879','李永昌','13032065967','保定','河北省保定市高阳县庞口镇西庞口村','中国联通','河北','资费争议','协作商违规','','无线','GSM签约用户','信息','短信','电子邮件','杜宏伟','2014.08.07 18:52:18','','2014.08.0808:54:01','申诉问题涉及号码：13032065967;未经过客户同意，胡乱给客户添加扣费业务。本人，本月查询话费，多出一个sp代收费用，无缘无故地扣掉本人6.72元的人民币费用。本人，需要中国联通企业给予赔偿。恳求:工信部工作人员给予帮助。在此谢谢！ @被申诉企业地址: @被申诉企业邮政编码: @被申诉企业联系电话: @企业处理结果:中国联通企业承诺24小时后给予解决和回复。到现在，都没有给予任何回复。 @邮件标题:@chinatcc','是','','','','关于河北省保定市客户李永昌
申诉处理情况的回复
集团公司客户服务部：
2014年8月8日接到部中心转来保定市客户李永昌来函【部-转办-1413879】，反映“手机信息费”问题的申诉，我公司十分重视，立即责成市分公司进行调查处理。经查，客户于2014年7月30日自行定制信息业务，8月份产生业务使用费6.72元，为妥善处理问题，同意为客户取消业务并退费，客户认可。现将调查处理情况回复如下：
一、 客户基本情况
客户号码：13032065967，客户姓名：李文昌；关联固话号码：03126855795，客户姓名：李宗达，入网时间：2000年7月。
二、前期投诉处理情况
2014年8月6日客户首次向10010反映“手机13032065967产生增值业务费”的问题（附件1：10010投诉记录）。经查，客户手机13032065967与固定电话03126855795及宽带办理了套餐，合帐付费。其账单中的显示增值业务费实为固定电话03126855795产生（附件2：关联号码），并非客户所诉手机13032065967产生。客户固定电话所产生的“鹰眼财经”业务，为客户2014年7月30日通过拨打16806666定制（附件3：取消记录），8月份收听下行财经信息产生信息费6.72元，资费标准：0.96元/分钟。
接到客户反映问题后，工作人员立即联系核查，在处理过程中客户进行了申诉。
三、客户申诉处理情况
2014年8月8日接到转来的客户申诉后，我公司非常重视，立即责成市分公司核查处理。在核实上述情况后，8月8日当天工作人员联系客户解释，为妥善处理投诉，同意为客户取消该业务，并退费6.72元，客户认可。
注：1、客户申诉问题涉及的增值业务属于合作业务。2、 信息服务商名称：张家口加恩科技有限公司、经营许可证号码：冀B2-20125031、业务名称：鹰眼财经。3、涉及的信息服务业务不存在违规，相关处理依据参见附件。
   
附件：
1、10010投诉记录
2、关联号码
3、取消记录
4、张家口加恩科技有限公司经营许可证
河北联通客户服务部
                         二〇一四年八月十五日
','增值业务','产品设计缺陷','功能设计不完善','','3G业务','联通在信','','','本地合作业务','否','否','否','产品创新部','本地','1','','','','','','','201408'
